[github.com/flipped-aurora/gin-vue-admin/server]2024-06-24 13:56:12.649	[34minfo[0m	D:/daima/goProject/gva/gin-vue-admin/server/initialize/router.go:60	register swagger handler
[github.com/flipped-aurora/gin-vue-admin/server]2024-06-24 13:56:12.674	[34minfo[0m	D:/daima/goProject/gva/gin-vue-admin/server/initialize/router.go:106	router register success
[github.com/flipped-aurora/gin-vue-admin/server]2024-06-24 13:56:12.678	[34minfo[0m	D:/daima/goProject/gva/gin-vue-admin/server/core/server.go:37	server run success on 	{"address": ":8888"}
[github.com/flipped-aurora/gin-vue-admin/server]2024-06-24 14:02:30.706	[34minfo[0m	D:/daima/goProject/gva/gin-vue-admin/server/initialize/router.go:60	register swagger handler
[github.com/flipped-aurora/gin-vue-admin/server]2024-06-24 14:02:30.721	[34minfo[0m	D:/daima/goProject/gva/gin-vue-admin/server/initialize/router.go:106	router register success
[github.com/flipped-aurora/gin-vue-admin/server]2024-06-24 14:02:30.722	[34minfo[0m	D:/daima/goProject/gva/gin-vue-admin/server/core/server.go:37	server run success on 	{"address": ":8888"}
[github.com/flipped-aurora/gin-vue-admin/server]2024-06-24 14:10:38.824	[34minfo[0m	D:/daima/goProject/gva/gin-vue-admin/server/api/v1/system/sys_initdb.go:57	å‰å¾€åˆå§‹åŒ–æ•°æ®åº“
[github.com/flipped-aurora/gin-vue-admin/server]2024-06-24 16:27:58.236	[34minfo[0m	D:/daima/goProject/gva/gin-vue-admin/server/initialize/gorm.go:75	register table success
[github.com/flipped-aurora/gin-vue-admin/server]2024-06-24 16:27:58.239	[34minfo[0m	D:/daima/goProject/gva/gin-vue-admin/server/initialize/router.go:60	register swagger handler
[github.com/flipped-aurora/gin-vue-admin/server]2024-06-24 16:27:58.249	[34minfo[0m	D:/daima/goProject/gva/gin-vue-admin/server/initialize/router.go:106	router register success
[github.com/flipped-aurora/gin-vue-admin/server]2024-06-24 16:27:58.249	[34minfo[0m	D:/daima/goProject/gva/gin-vue-admin/server/core/server.go:37	server run success on 	{"address": ":8888"}
[github.com/flipped-aurora/gin-vue-admin/server]2024-06-24 20:20:22.908	[34minfo[0m	D:/daima/goProject/gva/gin-vue-admin/server/initialize/gorm.go:75	register table success
[github.com/flipped-aurora/gin-vue-admin/server]2024-06-24 20:20:22.911	[34minfo[0m	D:/daima/goProject/gva/gin-vue-admin/server/initialize/router.go:60	register swagger handler
[github.com/flipped-aurora/gin-vue-admin/server]2024-06-24 20:20:22.922	[34minfo[0m	D:/daima/goProject/gva/gin-vue-admin/server/initialize/router.go:106	router register success
[github.com/flipped-aurora/gin-vue-admin/server]2024-06-24 20:20:22.922	[34minfo[0m	D:/daima/goProject/gva/gin-vue-admin/server/core/server.go:37	server run success on 	{"address": ":8888"}
[github.com/flipped-aurora/gin-vue-admin/server]2024-06-24 20:23:22.795	[34minfo[0m	D:/daima/goProject/gva/gin-vue-admin/server/initialize/gorm.go:75	register table success
[github.com/flipped-aurora/gin-vue-admin/server]2024-06-24 20:23:22.797	[34minfo[0m	D:/daima/goProject/gva/gin-vue-admin/server/initialize/router.go:60	register swagger handler
[github.com/flipped-aurora/gin-vue-admin/server]2024-06-24 20:23:22.805	[34minfo[0m	D:/daima/goProject/gva/gin-vue-admin/server/initialize/router.go:106	router register success
[github.com/flipped-aurora/gin-vue-admin/server]2024-06-24 20:23:22.806	[34minfo[0m	D:/daima/goProject/gva/gin-vue-admin/server/core/server.go:37	server run success on 	{"address": ":8888"}
[github.com/flipped-aurora/gin-vue-admin/server]2024-06-24 20:29:22.980	[34minfo[0m	D:/daima/goProject/gva/gin-vue-admin/server/initialize/gorm.go:75	register table success
[github.com/flipped-aurora/gin-vue-admin/server]2024-06-24 20:29:22.981	[34minfo[0m	D:/daima/goProject/gva/gin-vue-admin/server/initialize/router.go:60	register swagger handler
[github.com/flipped-aurora/gin-vue-admin/server]2024-06-24 20:29:22.990	[34minfo[0m	D:/daima/goProject/gva/gin-vue-admin/server/initialize/router.go:106	router register success
[github.com/flipped-aurora/gin-vue-admin/server]2024-06-24 20:29:22.991	[34minfo[0m	D:/daima/goProject/gva/gin-vue-admin/server/core/server.go:37	server run success on 	{"address": ":8888"}
[github.com/flipped-aurora/gin-vue-admin/server]2024-06-24 20:33:10.863	[34minfo[0m	D:/daima/goProject/gva/gin-vue-admin/server/initialize/gorm.go:75	register table success
[github.com/flipped-aurora/gin-vue-admin/server]2024-06-24 20:33:10.865	[34minfo[0m	D:/daima/goProject/gva/gin-vue-admin/server/initialize/router.go:60	register swagger handler
[github.com/flipped-aurora/gin-vue-admin/server]2024-06-24 20:33:10.873	[34minfo[0m	D:/daima/goProject/gva/gin-vue-admin/server/initialize/router.go:106	router register success
[github.com/flipped-aurora/gin-vue-admin/server]2024-06-24 20:33:10.874	[34minfo[0m	D:/daima/goProject/gva/gin-vue-admin/server/core/server.go:37	server run success on 	{"address": ":8888"}
[github.com/flipped-aurora/gin-vue-admin/server]2024-06-24 20:38:51.112	[34minfo[0m	D:/daima/goProject/gva/gin-vue-admin/server/initialize/gorm.go:75	register table success
[github.com/flipped-aurora/gin-vue-admin/server]2024-06-24 20:38:51.114	[34minfo[0m	D:/daima/goProject/gva/gin-vue-admin/server/initialize/router.go:60	register swagger handler
[github.com/flipped-aurora/gin-vue-admin/server]2024-06-24 20:38:51.124	[34minfo[0m	D:/daima/goProject/gva/gin-vue-admin/server/initialize/router.go:106	router register success
[github.com/flipped-aurora/gin-vue-admin/server]2024-06-24 20:38:51.125	[34minfo[0m	D:/daima/goProject/gva/gin-vue-admin/server/core/server.go:37	server run success on 	{"address": ":8888"}
[github.com/flipped-aurora/gin-vue-admin/server]2024-06-24 20:43:09.632	[34minfo[0m	D:/daima/goProject/gva/gin-vue-admin/server/initialize/gorm.go:75	register table success
[github.com/flipped-aurora/gin-vue-admin/server]2024-06-24 20:43:09.634	[34minfo[0m	D:/daima/goProject/gva/gin-vue-admin/server/initialize/router.go:60	register swagger handler
[github.com/flipped-aurora/gin-vue-admin/server]2024-06-24 20:43:09.643	[34minfo[0m	D:/daima/goProject/gva/gin-vue-admin/server/initialize/router.go:106	router register success
[github.com/flipped-aurora/gin-vue-admin/server]2024-06-24 20:43:09.644	[34minfo[0m	D:/daima/goProject/gva/gin-vue-admin/server/core/server.go:37	server run success on 	{"address": ":8888"}
[github.com/flipped-aurora/gin-vue-admin/server]2024-06-24 20:54:28.864	[34minfo[0m	D:/daima/goProject/gva/gin-vue-admin/server/initialize/gorm.go:75	register table success
[github.com/flipped-aurora/gin-vue-admin/server]2024-06-24 20:54:28.866	[34minfo[0m	D:/daima/goProject/gva/gin-vue-admin/server/initialize/router.go:63	register swagger handler
[github.com/flipped-aurora/gin-vue-admin/server]2024-06-24 20:54:28.876	[34minfo[0m	D:/daima/goProject/gva/gin-vue-admin/server/initialize/router.go:113	router register success
[github.com/flipped-aurora/gin-vue-admin/server]2024-06-24 20:54:28.877	[34minfo[0m	D:/daima/goProject/gva/gin-vue-admin/server/core/server.go:37	server run success on 	{"address": ":8888"}
